mode: set
github.com/aliemreipek/bookings/cmd/web/main.go:23.13,25.15 2 0
github.com/aliemreipek/bookings/cmd/web/main.go:29.2,37.16 4 0
github.com/aliemreipek/bookings/cmd/web/main.go:25.15,27.3 1 0
github.com/aliemreipek/bookings/cmd/web/main.go:37.16,39.3 1 0
github.com/aliemreipek/bookings/cmd/web/main.go:42.17,58.16 10 1
github.com/aliemreipek/bookings/cmd/web/main.go:62.2,69.12 6 1
github.com/aliemreipek/bookings/cmd/web/main.go:58.16,61.3 2 0
github.com/aliemreipek/bookings/cmd/web/middleware.go:10.44,21.2 3 1
github.com/aliemreipek/bookings/cmd/web/middleware.go:23.49,25.2 1 1
github.com/aliemreipek/bookings/cmd/web/routes.go:11.49,35.2 18 1
